#
# A fatal error has been detected by the Java Runtime Environment:
#
#  EXCEPTION_ACCESS_VIOLATION (0xc0000005) at pc=0x00007ff8a4043004, pid=14756, tid=14684
#
# JRE version: OpenJDK Runtime Environment (24.0+36) (build 24+36-3646)
# Java VM: OpenJDK 64-Bit Server VM (24+36-3646, mixed mode, emulated-client, sharing, tiered, compressed oops, compressed class ptrs, g1 gc, windows-amd64)
# Problematic frame:
# C  [libasyncProfiler.dll+0x93004]
#
# No core dump will be written. Minidumps are not enabled by default on client versions of Windows
#
# JFR recording file will be written. Location: C:\gametester-aa3\hs_err_pid14756.jfr
#
# If you would like to submit a bug report, please visit:
#   https://bugreport.java.com/bugreport/crash.jsp
# The crash happened outside the Java Virtual Machine in native code.
# See problematic frame for where to report the bug.
#

---------------  S U M M A R Y ------------

Command Line: -XX:TieredStopAtLevel=1 -Dspring.output.ansi.enabled=always -Dcom.sun.management.jmxremote -Dspring.jmx.enabled=true -Dspring.liveBeansView.mbeanDomain -Dspring.application.admin.enabled=true -Dmanagement.endpoints.jmx.exposure.include=* -javaagent:D:\Program Files\IntelliJ IDEA 2024.3.5\lib\idea_rt.jar=59583 -Dfile.encoding=UTF-8 -Dsun.stdout.encoding=UTF-8 -Dsun.stderr.encoding=UTF-8 com.gametester.GametesterApplication

Host: Intel(R) Core(TM) i7-9750H CPU @ 2.60GHz, 12 cores, 15G,  Windows 11 , 64 bit Build 26100 (10.0.26100.4484)
Time: Sat Jul 12 21:58:23 2025 Hora oficial do Brasil elapsed time: 124.204748 seconds (0d 0h 2m 4s)

---------------  T H R E A D  ---------------

Current thread (0x000001eec03a1ab0):  JavaThread "Attach Listener" daemon [_thread_in_native, id=14684, stack(0x000000a182900000,0x000000a182a00000) (1024K)]

Stack: [0x000000a182900000,0x000000a182a00000],  sp=0x000000a1829feda0,  free space=1019k
Native frames: (J=compiled Java code, j=interpreted, Vv=VM code, C=native code)
C  [libasyncProfiler.dll+0x93004]  (no source info available)
C  [libasyncProfiler.dll+0x934db]  (no source info available)
C  [libasyncProfiler.dll+0x92134]  (no source info available)
C  [libasyncProfiler.dll+0x929aa]  (no source info available)
C  [libasyncProfiler.dll+0x8d561]  (no source info available)
C  [libasyncProfiler.dll+0x7ef21]  (no source info available)
C  [libasyncProfiler.dll+0x7dc38]  (no source info available)
C  [libasyncProfiler.dll+0x7db20]  (no source info available)
C  [libasyncProfiler.dll+0x84af9]  (no source info available)
V  [jvm.dll+0x57f1b7]  (no source info available)
V  [jvm.dll+0x57ff2c]  (no source info available)
V  [jvm.dll+0x14c9b7]  (no source info available)
V  [jvm.dll+0x14df81]  (no source info available)
V  [jvm.dll+0x42f566]  (no source info available)
V  [jvm.dll+0x87d8fb]  (no source info available)
V  [jvm.dll+0x72efe5]  (no source info available)
C  [ucrtbase.dll+0x37b0]  (no source info available)
C  [KERNEL32.DLL+0x2e8d7]  (no source info available)
C  [ntdll.dll+0x3c34c]  (no source info available)


siginfo: EXCEPTION_ACCESS_VIOLATION (0xc0000005), reading address 0xffffffffffffffff


Registers:
RAX=0x0000000000000010, RBX=0x0000000000000000, RCX=0xffffffffffffffff, RDX=0x007ff865392ff010
RSP=0x000000a1829feda0, RBP=0x000001ef08441d28, RSI=0x000000a1829fef10, RDI=0x000001ef08441d28
R8 =0x0000000000000042, R9 =0x0000000702c047b0, R10=0x00007ff865609fc0, R11=0x0000000000000026
R12=0x000000a1829fef10, R13=0x000001ef07224e10, R14=0x000001eec03a1e78, R15=0x000001eec03a1e78
RIP=0x00007ff8a4043004, EFLAGS=0x0000000000010202

XMM[0]=0x0000000000000000 0x0000000000000000
XMM[1]=0x0000000000000000 0x0000000000000000
XMM[2]=0x0000000000000000 0x0000000000000000
XMM[3]=0x0000000000000000 0x0000000000000000
XMM[4]=0x0000000000000000 0x0000000000000000
XMM[5]=0x0000000000000000 0x0000000000000000
XMM[6]=0x0000000000000000 0x0000000000000000
XMM[7]=0x0000000000000000 0x0000000000000000
XMM[8]=0x0000000000000000 0x0000000000000000
XMM[9]=0x0000000000000000 0x0000000000000000
XMM[10]=0x0000000000000000 0x0000000000000000
XMM[11]=0x0000000000000000 0x0000000000000000
XMM[12]=0x0000000000000000 0x0000000000000000
XMM[13]=0x0000000000000000 0x0000000000000000
XMM[14]=0x0000000000000000 0x0000000000000000
XMM[15]=0x0000000000000000 0x0000000000000000
  MXCSR=0x00001fa0


Register to memory mapping:

RAX=0x0000000000000010 is an unknown value
RBX=0x0 is null
RCX=0xffffffffffffffff is an unknown value
RDX=0x007ff865392ff010 is an unknown value
RSP=0x000000a1829feda0 is pointing into the stack for thread: 0x000001eec03a1ab0
RBP=0x000001ef08441d28 points into unknown readable memory: 0x0000000702c047b0 | b0 47 c0 02 07 00 00 00
RSI=0x000000a1829fef10 is pointing into the stack for thread: 0x000001eec03a1ab0
RDI=0x000001ef08441d28 points into unknown readable memory: 0x0000000702c047b0 | b0 47 c0 02 07 00 00 00
R8 =0x0000000000000042 is an unknown value
R9 =0x0000000702c047b0 is an oop: java.lang.ref.Reference$ReferenceHandler 
{0x0000000702c047b0} - klass: 'java/lang/ref/Reference$ReferenceHandler' - flags: 

 - ---- fields (total size 14 words):
 - 'threadLocalRandomProbe' 'I' @12  0 (0x00000000)
 - private volatile 'eetop' 'J' @16  2124938857088 (0x000001eec039ca80)
 - private final 'tid' 'J' @24  14 (0x000000000000000e)
 - 'threadLocalRandomSeed' 'J' @32  0 (0x0000000000000000)
 - injected 'jvmti_thread_state' 'J' @40  2124942597424 (0x000001eec072dd30)
 - 'threadLocalRandomSecondarySeed' 'I' @48  0 (0x00000000)
 - injected 'jvmti_VTMS_transition_disable_count' 'I' @52  0 (0x00000000)
 - injected 'jfr_epoch' 'S' @56  0 (0x0000)
 - volatile 'interrupted' 'Z' @58  false (0x00)
 - injected 'jvmti_is_in_VTMS_transition' 'Z' @59  false (0x00)
 - private volatile 'name' 'Ljava/lang/String;' @60  "Reference Handler"{0x00000007036e73f8} (0xe06dce7f)
 - private volatile 'contextClassLoader' 'Ljava/lang/ClassLoader;' @64  null (0x00000000)
 - private final 'holder' 'Ljava/lang/Thread$FieldHolder;' @68  a 'java/lang/Thread$FieldHolder'{0x0000000703500010} (0xe06a0002)
 - 'threadLocals' 'Ljava/lang/ThreadLocal$ThreadLocalMap;' @72  null (0x00000000)
 - 'inheritableThreadLocals' 'Ljava/lang/ThreadLocal$ThreadLocalMap;' @76  null (0x00000000)
 - private 'scopedValueBindings' 'Ljava/lang/Object;' @80  a 'java/lang/Class'{0x00000007035e4688} = 'java/lang/Thread' (0xe06bc8d1)
 - final 'interruptLock' 'Ljava/lang/Object;' @84  a 'java/lang/Object'{0x0000000703500000} (0xe06a0000)
 - private volatile 'parkBlocker' 'Ljava/lang/Object;' @88  null (0x00000000)
 - private 'nioBlocker' 'Lsun/nio/ch/Interruptible;' @92  null (0x00000000)
 - private 'cont' 'Ljdk/internal/vm/Continuation;' @96  null (0x00000000)
 - private volatile 'uncaughtExceptionHandler' 'Ljava/lang/Thread$UncaughtExceptionHandler;' @100  null (0x00000000)
 - private 'container' 'Ljdk/internal/vm/ThreadContainer;' @104  null (0x00000000)
 - private volatile 'headStackableScopes' 'Ljdk/internal/vm/StackableScope;' @108  null (0x00000000)
R10=0x00007ff865609fc0 jvm.dll
R11=0x0000000000000026 is an unknown value
R12=0x000000a1829fef10 is pointing into the stack for thread: 0x000001eec03a1ab0
R13=0x000001ef07224e10 points into unknown readable memory: 0x00007ff86557a510 | 10 a5 57 65 f8 7f 00 00
R14=0x000001eec03a1e78 points into unknown readable memory: 0x00007ff8655717b0 | b0 17 57 65 f8 7f 00 00
R15=0x000001eec03a1e78 points into unknown readable memory: 0x00007ff8655717b0 | b0 17 57 65 f8 7f 00 00

Top of Stack: (sp=0x000000a1829feda0)
0x000000a1829feda0:   000000a1829fef10 000001ef08441d28   ........(.D.....
0x000000a1829fedb0:   0000000000000000 000001eec03a3210   .........2:.....
0x000000a1829fedc0:   000000000000003a 00007ff8a40434db   :........4......
0x000000a1829fedd0:   0000000000000000 000001eec03a1e78   ........x.:.....
0x000000a1829fede0:   000000a1829fef01 0000000000000000   ................
0x000000a1829fedf0:   000001ef08509330 00007ff8a4042134   0.P.....4!......
0x000000a1829fee00:   0000000000000000 000000000000003a   ........:.......
0x000000a1829fee10:   0000000000000000 000000000000003a   ........:.......
0x000000a1829fee20:   0000001f00000002 000001ef08209f80   .......... .....
0x000000a1829fee30:   000001ef08509330 000001ef08509418   0.P.......P.....
0x000000a1829fee40:   000001ef0850942c 0000000000004a84   ,.P......J......
0x000000a1829fee50:   0000000000000000 0000000000000000   ................
0x000000a1829fee60:   0000000000000000 00007ff864dd58e4   .........X.d....
0x000000a1829fee70:   00007ff8a419ae00 00000000000039a4   .........9......
0x000000a1829fee80:   00007ff8a419ae00 00000000ffffffff   ................
0x000000a1829fee90:   0000000000000000 00007ff8a40429aa   .........)......
0x000000a1829feea0:   000001eec03a1e78 0000000000000000   x.:.............
0x000000a1829feeb0:   000000a1829fef19 000001ef07224e10   .........N".....
0x000000a1829feec0:   0000000000000004 0000000000000048   ........H.......
0x000000a1829feed0:   0000000800800310 0000000000000020   ........ .......
0x000000a1829feee0:   000001eec03a1e78 00007ff8a419ae00   x.:.............
0x000000a1829feef0:   000001eec037dc00 000001eec072dd30   ..7.....0.r.....
0x000000a1829fef00:   0000000800800390 000001eec03a1e78   ........x.:.....
0x000000a1829fef10:   000001eec04ef1e0 000001eec04ef920   ..N..... .N.....
0x000000a1829fef20:   000001eec04ef920 00007ff8a419ae00    .N.............
0x000000a1829fef30:   000001ef06328808 000000a1829ff0a8   ..2.............
0x000000a1829fef40:   000000a1829ff1e0 0000000000008840   ........@.......
0x000000a1829fef50:   000000a1829ff3c0 00007ff8a419ae50   ........P.......
0x000000a1829fef60:   0000000000989680 0000000000989680   ................
0x000000a1829fef70:   000000a1829ff080 00007ff8a403d561   ........a.......
0x000000a1829fef80:   00007ff8a419ae00 00007ff8a419ae58   ........X.......
0x000000a1829fef90:   00007ff800000000 00007ff800000001   ................

Instructions: (pc=0x00007ff8a4043004)
  0x00007ff8a4042f04:   cc cc cc cc cc cc cc cc cc cc cc cc cc cc cc cc
  0x00007ff8a4042f14:   cc cc cc cc cc cc cc cc cc cc cc cc cc cc cc cc
  0x00007ff8a4042f24:   cc cc cc cc cc cc cc cc cc cc cc cc cc cc cc cc
  0x00007ff8a4042f34:   cc cc cc cc cc cc cc cc cc cc cc cc cc cc cc cc
  0x00007ff8a4042f44:   cc cc cc cc cc cc cc cc cc cc cc cc cc cc cc cc
  0x00007ff8a4042f54:   cc cc cc cc cc cc cc cc cc cc cc cc cc cc cc cc
  0x00007ff8a4042f64:   cc cc cc cc cc cc cc cc cc cc cc cc cc cc cc cc
  0x00007ff8a4042f74:   cc cc cc cc cc cc cc cc cc cc cc cc cc cc cc cc
  0x00007ff8a4042f84:   cc cc cc cc cc cc cc cc cc cc cc cc 40 57 48 83
  0x00007ff8a4042f94:   ec 20 48 8b f9 48 8b 0d 30 80 15 00 48 85 c9 74
  0x00007ff8a4042fa4:   20 48 8b 01 48 8d 54 24 38 41 b8 06 00 01 00 4c
  0x00007ff8a4042fb4:   8b 48 30 41 ff d1 85 c0 75 07 48 8b 4c 24 38 eb
  0x00007ff8a4042fc4:   02 33 c9 4c 8b 05 0a 81 15 00 48 89 5c 24 30 4d
  0x00007ff8a4042fd4:   85 c0 74 4a 48 8b 01 48 8b d7 4c 8b 88 28 03 00
  0x00007ff8a4042fe4:   00 41 ff d1 48 85 c0 74 35 48 63 0d b8 3d 15 00
  0x00007ff8a4042ff4:   48 8b 14 01 48 85 d2 74 15 48 63 05 bc 3d 15 00
=>0x00007ff8a4043004:   8b 04 10 48 8b 5c 24 30 48 83 c4 20 5f c3 b8 ff
  0x00007ff8a4043014:   ff ff ff 48 8b 5c 24 30 48 83 c4 20 5f c3 80 3d
  0x00007ff8a4043024:   bb 7f 15 00 00 bb ff ff ff ff 74 20 4c 8b 0d 51
  0x00007ff8a4043034:   7c 15 00 4c 8d 44 24 38 48 8b 0d 35 7c 15 00 48
  0x00007ff8a4043044:   8b d7 41 ff d1 85 c0 0f 44 5c 24 38 8b c3 48 8b
  0x00007ff8a4043054:   5c 24 30 48 83 c4 20 5f c3 cc cc cc cc cc cc cc
  0x00007ff8a4043064:   cc cc cc cc cc cc cc cc cc cc cc cc cc cc cc cc
  0x00007ff8a4043074:   cc cc cc cc cc cc cc cc cc cc cc cc cc cc cc cc
  0x00007ff8a4043084:   cc cc cc cc cc cc cc cc cc cc cc cc 48 89 54 24
  0x00007ff8a4043094:   10 53 55 56 57 41 56 41 57 48 83 ec 28 48 8b f2
  0x00007ff8a40430a4:   4c 8b f1 48 89 4c 24 78 45 33 ff 44 89 7c 24 68
  0x00007ff8a40430b4:   c7 44 24 60 01 00 00 00 48 8d 4c 24 68 e8 69 3c
  0x00007ff8a40430c4:   f7 ff 8b d8 48 8d 4c 24 60 e8 5d 3c f7 ff 8b e8
  0x00007ff8a40430d4:   49 8b ce e8 33 f3 f6 ff 48 8b f8 90 8b c3 f0 0f
  0x00007ff8a40430e4:   b1 2f 74 04 f3 90 eb f4 4c 89 3e 4c 89 7e 08 4c
  0x00007ff8a40430f4:   89 7e 10 49 8b 6e 08 4d 8b 76 10 49 3b ee 0f 84


Stack slot to memory mapping:

stack at sp + 0 slots: 0x000000a1829fef10 is pointing into the stack for thread: 0x000001eec03a1ab0
stack at sp + 1 slots: 0x000001ef08441d28 points into unknown readable memory: 0x0000000702c047b0 | b0 47 c0 02 07 00 00 00
stack at sp + 2 slots: 0x0 is null
stack at sp + 3 slots: 0x000001eec03a3210 points into unknown readable memory: 0x6e616c2e6176616a | 6a 61 76 61 2e 6c 61 6e
stack at sp + 4 slots: 0x000000000000003a is an unknown value
stack at sp + 5 slots: 0x00007ff8a40434db libasyncProfiler.dll
stack at sp + 6 slots: 0x0 is null
stack at sp + 7 slots: 0x000001eec03a1e78 points into unknown readable memory: 0x00007ff8655717b0 | b0 17 57 65 f8 7f 00 00

Lock stack of current Java thread (top to bottom):


---------------  P R O C E S S  ---------------

Threads class SMR info:
_java_thread_list=0x000001ef06647ec0, length=36, elements={
0x000001eec039ca80, 0x000001eec039d3c0, 0x000001eec03a0aa0, 0x000001eec03a1ab0,
0x000001eec03a35f0, 0x000001eec03a4120, 0x000001eec03acfa0, 0x000001eec048c610,
0x000001ef060ddb20, 0x000001ef060d36e0, 0x000001ef0676db80, 0x000001ef067a3500,
0x000001ef067a75f0, 0x000001ef069b83b0, 0x000001ef06c38a50, 0x000001ef06c35e70,
0x000001ef06c35720, 0x000001ef06c38300, 0x000001ef06c365c0, 0x000001ef06c37bb0,
0x000001ef063bb390, 0x000001ef063b8060, 0x000001ef063bbae0, 0x000001ef063bac40,
0x000001ef063b87b0, 0x000001ef063b8f00, 0x000001ef063bc980, 0x000001ef063b9da0,
0x000001ef063b9650, 0x000001ef063bc230, 0x000001ef063bd0d0, 0x000001ef063bd820,
0x000001eec075ceb0, 0x000001eec075c720, 0x000001ef063bf560, 0x000001ef06c37460
}

Java Threads: ( => current thread )
  0x000001eec039ca80 JavaThread "Reference Handler"          daemon [_thread_blocked, id=17068, stack(0x000000a182600000,0x000000a182700000) (1024K)]
  0x000001eec039d3c0 JavaThread "Finalizer"                  daemon [_thread_blocked, id=21860, stack(0x000000a182700000,0x000000a182800000) (1024K)]
  0x000001eec03a0aa0 JavaThread "Signal Dispatcher"          daemon [_thread_blocked, id=18840, stack(0x000000a182800000,0x000000a182900000) (1024K)]
=>0x000001eec03a1ab0 JavaThread "Attach Listener"            daemon [_thread_in_native, id=14684, stack(0x000000a182900000,0x000000a182a00000) (1024K)]
  0x000001eec03a35f0 JavaThread "Service Thread"             daemon [_thread_blocked, id=21056, stack(0x000000a182a00000,0x000000a182b00000) (1024K)]
  0x000001eec03a4120 JavaThread "Monitor Deflation Thread"   daemon [_thread_blocked, id=14404, stack(0x000000a182b00000,0x000000a182c00000) (1024K)]
  0x000001eec03acfa0 JavaThread "C1 CompilerThread0"         daemon [_thread_blocked, id=13188, stack(0x000000a182c00000,0x000000a182d00000) (1024K)]
  0x000001eec048c610 JavaThread "Common-Cleaner"             daemon [_thread_blocked, id=21364, stack(0x000000a182d00000,0x000000a182e00000) (1024K)]
  0x000001ef060ddb20 JavaThread "Monitor Ctrl-Break"         daemon [_thread_in_native, id=4212, stack(0x000000a183000000,0x000000a183100000) (1024K)]
  0x000001ef060d36e0 JavaThread "Notification Thread"        daemon [_thread_blocked, id=22584, stack(0x000000a183100000,0x000000a183200000) (1024K)]
  0x000001ef0676db80 JavaThread "RMI TCP Accept-0"           daemon [_thread_in_native, id=22620, stack(0x000000a183200000,0x000000a183300000) (1024K)]
  0x000001ef067a3500 JavaThread "RMI Scheduler(0)"           daemon [_thread_blocked, id=23380, stack(0x000000a183400000,0x000000a183500000) (1024K)]
  0x000001ef067a75f0 JavaThread "JMX server connection timeout 31" daemon [_thread_blocked, id=9688, stack(0x000000a183500000,0x000000a183600000) (1024K)]
  0x000001ef069b83b0 JavaThread "RMI TCP Connection(2)-192.168.1.151" daemon [_thread_in_native, id=20232, stack(0x000000a183600000,0x000000a183700000) (1024K)]
  0x000001ef06c38a50 JavaThread "Catalina-utility-1"                [_thread_blocked, id=17504, stack(0x000000a184300000,0x000000a184400000) (1024K)]
  0x000001ef06c35e70 JavaThread "Catalina-utility-2"                [_thread_blocked, id=21308, stack(0x000000a184400000,0x000000a184500000) (1024K)]
  0x000001ef06c35720 JavaThread "container-0"                       [_thread_blocked, id=7256, stack(0x000000a184500000,0x000000a184600000) (1024K)]
  0x000001ef06c38300 JavaThread "PostgreSQL-JDBC-Cleaner"    daemon [_thread_blocked, id=11676, stack(0x000000a184700000,0x000000a184800000) (1024K)]
  0x000001ef06c365c0 JavaThread "HikariPool-1:housekeeper"   daemon [_thread_blocked, id=9052, stack(0x000000a184800000,0x000000a184900000) (1024K)]
  0x000001ef06c37bb0 JavaThread "http-nio-8080-exec-1"       daemon [_thread_blocked, id=14352, stack(0x000000a184a00000,0x000000a184b00000) (1024K)]
  0x000001ef063bb390 JavaThread "http-nio-8080-exec-2"       daemon [_thread_blocked, id=20216, stack(0x000000a184b00000,0x000000a184c00000) (1024K)]
  0x000001ef063b8060 JavaThread "http-nio-8080-exec-3"       daemon [_thread_blocked, id=2532, stack(0x000000a184c00000,0x000000a184d00000) (1024K)]
  0x000001ef063bbae0 JavaThread "http-nio-8080-exec-4"       daemon [_thread_blocked, id=17232, stack(0x000000a184d00000,0x000000a184e00000) (1024K)]
  0x000001ef063bac40 JavaThread "http-nio-8080-exec-5"       daemon [_thread_blocked, id=21644, stack(0x000000a184e00000,0x000000a184f00000) (1024K)]
  0x000001ef063b87b0 JavaThread "http-nio-8080-exec-6"       daemon [_thread_blocked, id=21420, stack(0x000000a184f00000,0x000000a185000000) (1024K)]
  0x000001ef063b8f00 JavaThread "http-nio-8080-exec-7"       daemon [_thread_blocked, id=20696, stack(0x000000a185000000,0x000000a185100000) (1024K)]
  0x000001ef063bc980 JavaThread "http-nio-8080-exec-8"       daemon [_thread_blocked, id=22088, stack(0x000000a185100000,0x000000a185200000) (1024K)]
  0x000001ef063b9da0 JavaThread "http-nio-8080-exec-9"       daemon [_thread_blocked, id=18376, stack(0x000000a185200000,0x000000a185300000) (1024K)]
  0x000001ef063b9650 JavaThread "http-nio-8080-exec-10"      daemon [_thread_blocked, id=22876, stack(0x000000a185300000,0x000000a185400000) (1024K)]
  0x000001ef063bc230 JavaThread "http-nio-8080-Poller"       daemon [_thread_in_native, id=3104, stack(0x000000a185400000,0x000000a185500000) (1024K)]
  0x000001ef063bd0d0 JavaThread "http-nio-8080-Acceptor"     daemon [_thread_in_native, id=19232, stack(0x000000a185500000,0x000000a185600000) (1024K)]
  0x000001ef063bd820 JavaThread "DestroyJavaVM"                     [_thread_blocked, id=10084, stack(0x000000a181e00000,0x000000a181f00000) (1024K)]
  0x000001eec075ceb0 JavaThread "C1 CompilerThread1"         daemon [_thread_blocked, id=20564, stack(0x000000a181b00000,0x000000a181c00000) (1024K)]
  0x000001eec075c720 JavaThread "C1 CompilerThread2"         daemon [_thread_blocked, id=22024, stack(0x000000a181c00000,0x000000a181d00000) (1024K)]
  0x000001ef063bf560 JavaThread "JFR Recorder Thread"        daemon [_thread_in_native, id=23260, stack(0x000000a181d00000,0x000000a181e00000) (1024K)]
  0x000001ef06c37460 JavaThread "JFR Periodic Tasks"         daemon [_thread_blocked, id=19076, stack(0x000000a183300000,0x000000a183400000) (1024K)]
Total: 36

Other Threads:
  0x000001eec038d440 VMThread "VM Thread"                           [id=16920, stack(0x000000a182500000,0x000000a182600000) (1024K)]
  0x000001eec024d980 WatcherThread "VM Periodic Task Thread"        [id=9492, stack(0x000000a182400000,0x000000a182500000) (1024K)]
  0x000001eeaa981000 WorkerThread "GC Thread#0"                     [id=15152, stack(0x000000a181f00000,0x000000a182000000) (1024K)]
  0x000001ef06a5a100 WorkerThread "GC Thread#1"                     [id=22796, stack(0x000000a183700000,0x000000a183800000) (1024K)]
  0x000001ef06c05a60 WorkerThread "GC Thread#2"                     [id=17424, stack(0x000000a183800000,0x000000a183900000) (1024K)]
  0x000001ef06c06a30 WorkerThread "GC Thread#3"                     [id=6044, stack(0x000000a183900000,0x000000a183a00000) (1024K)]
  0x000001ef06c1c0f0 WorkerThread "GC Thread#4"                     [id=2872, stack(0x000000a183a00000,0x000000a183b00000) (1024K)]
  0x000001ef06c1c4a0 WorkerThread "GC Thread#5"                     [id=17452, stack(0x000000a183b00000,0x000000a183c00000) (1024K)]
  0x000001ef06c64270 WorkerThread "GC Thread#6"                     [id=6516, stack(0x000000a183c00000,0x000000a183d00000) (1024K)]
  0x000001ef06c63760 WorkerThread "GC Thread#7"                     [id=21864, stack(0x000000a183d00000,0x000000a183e00000) (1024K)]
  0x000001ef06c63ec0 WorkerThread "GC Thread#8"                     [id=19920, stack(0x000000a183e00000,0x000000a183f00000) (1024K)]
  0x000001ef06c649d0 WorkerThread "GC Thread#9"                     [id=23192, stack(0x000000a184000000,0x000000a184100000) (1024K)]
  0x000001eeaa995ce0 ConcurrentGCThread "G1 Main Marker"            [id=14532, stack(0x000000a182000000,0x000000a182100000) (1024K)]
  0x000001eeaa998400 WorkerThread "G1 Conc#0"                       [id=1768, stack(0x000000a182100000,0x000000a182200000) (1024K)]
  0x000001ef06c64620 WorkerThread "G1 Conc#1"                       [id=21020, stack(0x000000a184100000,0x000000a184200000) (1024K)]
  0x000001ef07070b70 WorkerThread "G1 Conc#2"                       [id=4632, stack(0x000000a184200000,0x000000a184300000) (1024K)]
  0x000001eec0231c60 ConcurrentGCThread "G1 Refine#0"               [id=21648, stack(0x000000a182200000,0x000000a182300000) (1024K)]
  0x000001eec0232490 ConcurrentGCThread "G1 Service"                [id=9336, stack(0x000000a182300000,0x000000a182400000) (1024K)]
Total: 18

Threads with active compile tasks:
Total: 0

VM state: not at safepoint (normal execution)

VM Mutex/Monitor currently owned by a thread: None

Heap address: 0x0000000702800000, size: 4056 MB, Compressed Oops mode: Zero based, Oop shift amount: 3

CDS archive(s) mapped at: [0x000001eec1000000-0x000001eec1d40000-0x000001eec1d40000), size 13893632, SharedBaseAddress: 0x000001eec1000000, ArchiveRelocationMode: 1.
Compressed class space mapped at: 0x000001eec2000000-0x000001ef02000000, reserved size: 1073741824
UseCompressedClassPointers 1, UseCompactObjectHeaders 0
Narrow klass pointer bits 32, Max shift 3
Narrow klass base: 0x000001eec1000000, Narrow klass shift: 0
Encoding Range: [0x000001eec1000000 - 0x000001efc1000000), (4294967296 bytes)
Klass Range:    [0x000001eec1000000 - 0x000001ef02000000), (1090519040 bytes)
Klass ID Range:  [8 - 1090519033) (1090519025)

GC Precious Log:
 CardTable entry size: 512
 Card Set container configuration: InlinePtr #cards 4 size 8 Array Of Cards #cards 16 size 48 Howl #buckets 8 coarsen threshold 3686 Howl Bitmap #cards 512 size 80 coarsen threshold 460 Card regions per heap region 1 cards per card region 4096
 CPUs: 12 total, 12 available
 Memory: 16223M
 Large Page Support: Disabled
 NUMA Support: Disabled
 Compressed Oops: Enabled (Zero based)
 Heap Region Size: 2M
 Heap Min Capacity: 8M
 Heap Initial Capacity: 254M
 Heap Max Capacity: 4056M
 Pre-touch: Disabled
 Parallel Workers: 10
 Concurrent Workers: 3
 Concurrent Refinement Workers: 10
 Periodic GC: Disabled

Heap:
 garbage-first heap   total reserved 4153344K, committed 110592K, used 73431K [0x0000000702800000, 0x0000000800000000)
  region size 2048K, 23 young (47104K), 3 survivors (6144K)
 Metaspace       used 73566K, committed 74176K, reserved 1114112K
  class space    used 8394K, committed 8640K, reserved 1048576K

Heap Regions: E=young(eden), S=young(survivor), O=old, HS=humongous(starts), HC=humongous(continues), CS=collection set, F=free, TAMS=top-at-mark-start, PB=parsable bottom
|   0|0x0000000702800000, 0x0000000702a00000, 0x0000000702a00000|100%| O|  |TAMS 0x0000000702800000| PB 0x0000000702800000| Untracked |  0
|   1|0x0000000702a00000, 0x0000000702c00000, 0x0000000702c00000|100%| O|  |TAMS 0x0000000702a00000| PB 0x0000000702a00000| Untracked |  0
|   2|0x0000000702c00000, 0x0000000702e00000, 0x0000000702e00000|100%| O|  |TAMS 0x0000000702c00000| PB 0x0000000702c00000| Untracked |  0
|   3|0x0000000702e00000, 0x0000000703000000, 0x0000000703000000|100%| O|  |TAMS 0x0000000702e00000| PB 0x0000000702e00000| Untracked |  0
|   4|0x0000000703000000, 0x0000000703200000, 0x0000000703200000|100%| O|  |TAMS 0x0000000703000000| PB 0x0000000703000000| Untracked |  0
|   5|0x0000000703200000, 0x0000000703400000, 0x0000000703400000|100%| O|  |TAMS 0x0000000703200000| PB 0x0000000703200000| Untracked |  0
|   6|0x0000000703400000, 0x0000000703600000, 0x0000000703600000|100%| O|Cm|TAMS 0x0000000703400000| PB 0x0000000703400000| Complete |  0
|   7|0x0000000703600000, 0x0000000703800000, 0x0000000703800000|100%| O|  |TAMS 0x0000000703600000| PB 0x0000000703600000| Untracked |  0
|   8|0x0000000703800000, 0x0000000703a00000, 0x0000000703a00000|100%| O|  |TAMS 0x0000000703800000| PB 0x0000000703800000| Untracked |  0
|   9|0x0000000703a00000, 0x0000000703c00000, 0x0000000703c00000|100%| O|  |TAMS 0x0000000703a00000| PB 0x0000000703a00000| Untracked |  0
|  10|0x0000000703c00000, 0x0000000703e00000, 0x0000000703e00000|100%| O|  |TAMS 0x0000000703c00000| PB 0x0000000703c00000| Untracked |  0
|  11|0x0000000703e00000, 0x0000000704000000, 0x0000000704000000|100%| O|  |TAMS 0x0000000703e00000| PB 0x0000000703e00000| Untracked |  0
|  12|0x0000000704000000, 0x0000000704200000, 0x0000000704200000|100%| O|  |TAMS 0x0000000704000000| PB 0x0000000704000000| Untracked |  0
|  13|0x0000000704200000, 0x0000000704400000, 0x0000000704400000|100%| O|  |TAMS 0x0000000704200000| PB 0x0000000704200000| Untracked |  0
|  14|0x0000000704400000, 0x0000000704442b80, 0x0000000704600000| 13%| O|  |TAMS 0x0000000704400000| PB 0x0000000704400000| Untracked |  0
|  15|0x0000000704600000, 0x0000000704600000, 0x0000000704800000|  0%| F|  |TAMS 0x0000000704600000| PB 0x0000000704600000| Untracked |  0
|  16|0x0000000704800000, 0x0000000704800000, 0x0000000704a00000|  0%| F|  |TAMS 0x0000000704800000| PB 0x0000000704800000| Untracked |  0
|  17|0x0000000704a00000, 0x0000000704a00000, 0x0000000704c00000|  0%| F|  |TAMS 0x0000000704a00000| PB 0x0000000704a00000| Untracked |  0
|  18|0x0000000704c00000, 0x0000000704c00000, 0x0000000704e00000|  0%| F|  |TAMS 0x0000000704c00000| PB 0x0000000704c00000| Untracked |  0
|  19|0x0000000704e00000, 0x0000000704f73328, 0x0000000705000000| 72%| S|CS|TAMS 0x0000000704e00000| PB 0x0000000704e00000| Complete |  0
|  20|0x0000000705000000, 0x0000000705200000, 0x0000000705200000|100%| S|CS|TAMS 0x0000000705000000| PB 0x0000000705000000| Complete |  0
|  21|0x0000000705200000, 0x0000000705400000, 0x0000000705400000|100%| S|CS|TAMS 0x0000000705200000| PB 0x0000000705200000| Complete |  0
|  22|0x0000000705400000, 0x0000000705400000, 0x0000000705600000|  0%| F|  |TAMS 0x0000000705400000| PB 0x0000000705400000| Untracked |  0
|  23|0x0000000705600000, 0x0000000705600000, 0x0000000705800000|  0%| F|  |TAMS 0x0000000705600000| PB 0x0000000705600000| Untracked |  0
|  24|0x0000000705800000, 0x0000000705800000, 0x0000000705a00000|  0%| F|  |TAMS 0x0000000705800000| PB 0x0000000705800000| Untracked |  0
|  25|0x0000000705a00000, 0x0000000705a00000, 0x0000000705c00000|  0%| F|  |TAMS 0x0000000705a00000| PB 0x0000000705a00000| Untracked |  0
|  26|0x0000000705c00000, 0x0000000705c00000, 0x0000000705e00000|  0%| F|  |TAMS 0x0000000705c00000| PB 0x0000000705c00000| Untracked |  0
|  27|0x0000000705e00000, 0x0000000705e00000, 0x0000000706000000|  0%| F|  |TAMS 0x0000000705e00000| PB 0x0000000705e00000| Untracked |  0
|  28|0x0000000706000000, 0x0000000706000000, 0x0000000706200000|  0%| F|  |TAMS 0x0000000706000000| PB 0x0000000706000000| Untracked |  0
|  29|0x0000000706200000, 0x0000000706200000, 0x0000000706400000|  0%| F|  |TAMS 0x0000000706200000| PB 0x0000000706200000| Untracked |  0
|  30|0x0000000706400000, 0x0000000706400000, 0x0000000706600000|  0%| F|  |TAMS 0x0000000706400000| PB 0x0000000706400000| Untracked |  0
|  31|0x0000000706600000, 0x0000000706600000, 0x0000000706800000|  0%| F|  |TAMS 0x0000000706600000| PB 0x0000000706600000| Untracked |  0
|  32|0x0000000706800000, 0x0000000706800000, 0x0000000706a00000|  0%| F|  |TAMS 0x0000000706800000| PB 0x0000000706800000| Untracked |  0
|  33|0x0000000706a00000, 0x0000000706a00000, 0x0000000706c00000|  0%| F|  |TAMS 0x0000000706a00000| PB 0x0000000706a00000| Untracked |  0
|  34|0x0000000706c00000, 0x0000000706cbf1e0, 0x0000000706e00000| 37%| E|  |TAMS 0x0000000706c00000| PB 0x0000000706c00000| Complete |  0
|  35|0x0000000706e00000, 0x0000000707000000, 0x0000000707000000|100%| E|CS|TAMS 0x0000000706e00000| PB 0x0000000706e00000| Complete |  0
|  36|0x0000000707000000, 0x0000000707200000, 0x0000000707200000|100%| E|CS|TAMS 0x0000000707000000| PB 0x0000000707000000| Complete |  0
|  37|0x0000000707200000, 0x0000000707400000, 0x0000000707400000|100%| E|CS|TAMS 0x0000000707200000| PB 0x0000000707200000| Complete |  0
|  38|0x0000000707400000, 0x0000000707600000, 0x0000000707600000|100%| E|CS|TAMS 0x0000000707400000| PB 0x0000000707400000| Complete |  0
|  39|0x0000000707600000, 0x0000000707800000, 0x0000000707800000|100%| E|CS|TAMS 0x0000000707600000| PB 0x0000000707600000| Complete |  0
|  40|0x0000000707800000, 0x0000000707a00000, 0x0000000707a00000|100%| E|CS|TAMS 0x0000000707800000| PB 0x0000000707800000| Complete |  0
|  41|0x0000000707a00000, 0x0000000707c00000, 0x0000000707c00000|100%| E|CS|TAMS 0x0000000707a00000| PB 0x0000000707a00000| Complete |  0
|  42|0x0000000707c00000, 0x0000000707e00000, 0x0000000707e00000|100%| E|CS|TAMS 0x0000000707c00000| PB 0x0000000707c00000| Complete |  0
|  43|0x0000000707e00000, 0x0000000708000000, 0x0000000708000000|100%| E|CS|TAMS 0x0000000707e00000| PB 0x0000000707e00000| Complete |  0
|  44|0x0000000708000000, 0x0000000708200000, 0x0000000708200000|100%| E|CS|TAMS 0x0000000708000000| PB 0x0000000708000000| Complete |  0
|  45|0x0000000708200000, 0x0000000708400000, 0x0000000708400000|100%| E|CS|TAMS 0x0000000708200000| PB 0x0000000708200000| Complete |  0
|  46|0x0000000708400000, 0x0000000708600000, 0x0000000708600000|100%| E|CS|TAMS 0x0000000708400000| PB 0x0000000708400000| Complete |  0
|  47|0x0000000708600000, 0x0000000708800000, 0x0000000708800000|100%| E|CS|TAMS 0x0000000708600000| PB 0x0000000708600000| Complete |  0
|  48|0x0000000708800000, 0x0000000708a00000, 0x0000000708a00000|100%| E|CS|TAMS 0x0000000708800000| PB 0x0000000708800000| Complete |  0
|  49|0x0000000708a00000, 0x0000000708c00000, 0x0000000708c00000|100%| E|CS|TAMS 0x0000000708a00000| PB 0x0000000708a00000| Complete |  0
|  50|0x0000000708c00000, 0x0000000708e00000, 0x0000000708e00000|100%| E|CS|TAMS 0x0000000708c00000| PB 0x0000000708c00000| Complete |  0
|  51|0x0000000708e00000, 0x0000000709000000, 0x0000000709000000|100%| E|CS|TAMS 0x0000000708e00000| PB 0x0000000708e00000| Complete |  0
| 103|0x000000070f600000, 0x000000070f800000, 0x000000070f800000|100%| E|CS|TAMS 0x000000070f600000| PB 0x000000070f600000| Complete |  0
|2027|0x00000007ffe00000, 0x0000000800000000, 0x0000000800000000|100%| E|CS|TAMS 0x00000007ffe00000| PB 0x00000007ffe00000| Complete |  0

Card table byte_map: [0x000001eeb8f40000,0x000001eeb9730000] _byte_map_base: 0x000001eeb572c000

Marking Bits: (CMBitMap*) 0x000001eeaa981620
 Bits: [0x000001eeb9730000, 0x000001eebd690000)

Polling page: 0x000001eeac2b0000

Metaspace:

Usage:
  Non-class:     63.65 MB used.
      Class:      8.20 MB used.
       Both:     71.84 MB used.

Virtual space:
  Non-class space:       64.00 MB reserved,      64.00 MB (100%) committed,  1 nodes.
      Class space:        1.00 GB reserved,       8.44 MB ( <1%) committed,  1 nodes.
             Both:        1.06 GB reserved,      72.44 MB (  7%) committed. 

Chunk freelists:
   Non-Class:  20.00 KB
       Class:  7.52 MB
        Both:  7.54 MB

MaxMetaspaceSize: unlimited
CompressedClassSpaceSize: 1.00 GB
Initial GC threshold: 21.00 MB
Current GC threshold: 98.25 MB
CDS: on
 - commit_granule_bytes: 65536.
 - commit_granule_words: 8192.
 - virtual_space_node_default_size: 8388608.
 - enlarge_chunks_in_place: 1.
UseCompressedClassPointers 1, UseCompactObjectHeaders 0
Narrow klass pointer bits 32, Max shift 3
Narrow klass base: 0x000001eec1000000, Narrow klass shift: 0
Encoding Range: [0x000001eec1000000 - 0x000001efc1000000), (4294967296 bytes)
Klass Range:    [0x000001eec1000000 - 0x000001ef02000000), (1090519040 bytes)
Klass ID Range:  [8 - 1090519033) (1090519025)


Internal statistics:

num_allocs_failed_limit: 9.
num_arena_births: 888.
num_arena_deaths: 0.
num_vsnodes_births: 2.
num_vsnodes_deaths: 0.
num_space_committed: 1159.
num_space_uncommitted: 0.
num_chunks_returned_to_freelist: 9.
num_chunks_taken_from_freelist: 3474.
num_chunk_merges: 6.
num_chunk_splits: 2545.
num_chunks_enlarged: 2077.
num_inconsistent_stats: 0.

CodeCache: size=49152Kb used=11621Kb max_used=11621Kb free=37530Kb
 bounds [0x000001eeb4cb0000, 0x000001eeb5810000, 0x000001eeb7cb0000]
 total_blobs=8296, nmethods=7553, adapters=666, full_count=0
Compilation: enabled, stopped_count=0, restarted_count=0

Compilation events (20 events):
Event: 124.125 Thread 0x000001eec03acfa0 nmethod 7615 0x000001eeb5806e88 code [0x000001eeb5806f80, 0x000001eeb5807048]
Event: 124.125 Thread 0x000001eec075c720 nmethod 7616 0x000001eeb5807188 code [0x000001eeb5807280, 0x000001eeb5807348]
Event: 124.125 Thread 0x000001eec075ceb0 7624   !   1       jdk.jfr.internal.Control::setValue (102 bytes)
Event: 124.126 Thread 0x000001eec03acfa0 7618       1       jdk.jfr.internal.Logger::shouldLog (17 bytes)
Event: 124.126 Thread 0x000001eec075c720 7617       1       jdk.jfr.internal.settings.BooleanSetting::getValue (5 bytes)
Event: 124.126 Thread 0x000001eec03acfa0 nmethod 7618 0x000001eeb5807488 code [0x000001eeb58075a0, 0x000001eeb5807668]
Event: 124.126 Thread 0x000001eec075c720 nmethod 7617 0x000001eeb5807788 code [0x000001eeb5807880, 0x000001eeb5807948]
Event: 124.127 Thread 0x000001eec03acfa0 7623       1       jdk.jfr.internal.PlatformEventType::isEnabled (5 bytes)
Event: 124.127 Thread 0x000001eec075c720 7620       1       jdk.jfr.internal.EventControl::getEventType (5 bytes)
Event: 124.127 Thread 0x000001eec075c720 nmethod 7620 0x000001eeb5807a88 code [0x000001eeb5807b80, 0x000001eeb5807c48]
Event: 124.127 Thread 0x000001eec075ceb0 nmethod 7624 0x000001eeb5807d88 code [0x000001eeb5807f80, 0x000001eeb5808610]
Event: 124.127 Thread 0x000001eec03acfa0 nmethod 7623 0x000001eeb5808688 code [0x000001eeb5808780, 0x000001eeb5808848]
Event: 124.127 Thread 0x000001eec075ceb0 7622       1       jdk.jfr.internal.EventControl::getNamedControls (5 bytes)
Event: 124.127 Thread 0x000001eec075c720 7621       1       jdk.jfr.internal.EventControl::getSettingsId (5 bytes)
Event: 124.127 Thread 0x000001eec075ceb0 nmethod 7622 0x000001eeb5808988 code [0x000001eeb5808a80, 0x000001eeb5808b48]
Event: 124.127 Thread 0x000001eec075c720 nmethod 7621 0x000001eeb5808c88 code [0x000001eeb5808d80, 0x000001eeb5808e48]
Event: 124.134 Thread 0x000001eec075c720 7625       1       jdk.jfr.internal.periodic.EventTask::getEventType (5 bytes)
Event: 124.134 Thread 0x000001eec075c720 nmethod 7625 0x000001eeb5808f88 code [0x000001eeb5809080, 0x000001eeb5809148]
Event: 124.134 Thread 0x000001eec075c720 7626       1       jdk.jfr.internal.periodic.PeriodicTask::getPeriod (5 bytes)
Event: 124.134 Thread 0x000001eec075c720 nmethod 7626 0x000001eeb5809288 code [0x000001eeb5809380, 0x000001eeb5809448]

GC Heap History (20 events):
Event: 2.583 GC heap before
{Heap before GC invocations=3 (full 0):
 garbage-first heap   total reserved 4153344K, committed 61440K, used 40339K [0x0000000702800000, 0x0000000800000000)
  region size 2048K, 18 young (36864K), 6 survivors (12288K)
 Metaspace       used 23338K, committed 23680K, reserved 1114112K
  class space    used 2530K, committed 2688K, reserved 1048576K
}
Event: 2.595 GC heap after
{Heap after GC invocations=4 (full 0):
 garbage-first heap   total reserved 4153344K, committed 61440K, used 16864K [0x0000000702800000, 0x0000000800000000)
  region size 2048K, 2 young (4096K), 2 survivors (4096K)
 Metaspace       used 23338K, committed 23680K, reserved 1114112K
  class space    used 2530K, committed 2688K, reserved 1048576K
}
Event: 2.972 GC heap before
{Heap before GC invocations=4 (full 0):
 garbage-first heap   total reserved 4153344K, committed 61440K, used 41440K [0x0000000702800000, 0x0000000800000000)
  region size 2048K, 14 young (28672K), 2 survivors (4096K)
 Metaspace       used 26344K, committed 26752K, reserved 1114112K
  class space    used 2928K, committed 3072K, reserved 1048576K
}
Event: 2.979 GC heap after
{Heap after GC invocations=5 (full 0):
 garbage-first heap   total reserved 4153344K, committed 61440K, used 18463K [0x0000000702800000, 0x0000000800000000)
  region size 2048K, 2 young (4096K), 2 survivors (4096K)
 Metaspace       used 26344K, committed 26752K, reserved 1114112K
  class space    used 2928K, committed 3072K, reserved 1048576K
}
Event: 3.349 GC heap before
{Heap before GC invocations=5 (full 0):
 garbage-first heap   total reserved 4153344K, committed 61440K, used 45087K [0x0000000702800000, 0x0000000800000000)
  region size 2048K, 15 young (30720K), 2 survivors (4096K)
 Metaspace       used 30643K, committed 31104K, reserved 1114112K
  class space    used 3462K, committed 3648K, reserved 1048576K
}
Event: 3.355 GC heap after
{Heap after GC invocations=6 (full 0):
 garbage-first heap   total reserved 4153344K, committed 61440K, used 20840K [0x0000000702800000, 0x0000000800000000)
  region size 2048K, 2 young (4096K), 2 survivors (4096K)
 Metaspace       used 30643K, committed 31104K, reserved 1114112K
  class space    used 3462K, committed 3648K, reserved 1048576K
}
Event: 3.652 GC heap before
{Heap before GC invocations=6 (full 0):
 garbage-first heap   total reserved 4153344K, committed 61440K, used 39272K [0x0000000702800000, 0x0000000800000000)
  region size 2048K, 12 young (24576K), 2 survivors (4096K)
 Metaspace       used 35531K, committed 35968K, reserved 1114112K
  class space    used 3984K, committed 4160K, reserved 1048576K
}
Event: 3.657 GC heap after
{Heap after GC invocations=7 (full 0):
 garbage-first heap   total reserved 4153344K, committed 61440K, used 22576K [0x0000000702800000, 0x0000000800000000)
  region size 2048K, 1 young (2048K), 1 survivors (2048K)
 Metaspace       used 35531K, committed 35968K, reserved 1114112K
  class space    used 3984K, committed 4160K, reserved 1048576K
}
Event: 4.163 GC heap before
{Heap before GC invocations=8 (full 0):
 garbage-first heap   total reserved 4153344K, committed 61440K, used 45104K [0x0000000702800000, 0x0000000800000000)
  region size 2048K, 13 young (26624K), 1 survivors (2048K)
 Metaspace       used 42610K, committed 43072K, reserved 1114112K
  class space    used 4731K, committed 4928K, reserved 1048576K
}
Event: 4.166 GC heap after
{Heap after GC invocations=9 (full 0):
 garbage-first heap   total reserved 4153344K, committed 61440K, used 24018K [0x0000000702800000, 0x0000000800000000)
  region size 2048K, 2 young (4096K), 2 survivors (4096K)
 Metaspace       used 42610K, committed 43072K, reserved 1114112K
  class space    used 4731K, committed 4928K, reserved 1048576K
}
Event: 4.642 GC heap before
{Heap before GC invocations=9 (full 0):
 garbage-first heap   total reserved 4153344K, committed 61440K, used 48594K [0x0000000702800000, 0x0000000800000000)
  region size 2048K, 14 young (28672K), 2 survivors (4096K)
 Metaspace       used 50174K, committed 50688K, reserved 1114112K
  class space    used 5479K, committed 5696K, reserved 1048576K
}
Event: 4.647 GC heap after
{Heap after GC invocations=10 (full 0):
 garbage-first heap   total reserved 4153344K, committed 61440K, used 25525K [0x0000000702800000, 0x0000000800000000)
  region size 2048K, 2 young (4096K), 2 survivors (4096K)
 Metaspace       used 50174K, committed 50688K, reserved 1114112K
  class space    used 5479K, committed 5696K, reserved 1048576K
}
Event: 5.164 GC heap before
{Heap before GC invocations=10 (full 0):
 garbage-first heap   total reserved 4153344K, committed 61440K, used 52149K [0x0000000702800000, 0x0000000800000000)
  region size 2048K, 15 young (30720K), 2 survivors (4096K)
 Metaspace       used 55813K, committed 56384K, reserved 1114112K
  class space    used 6205K, committed 6400K, reserved 1048576K
}
Event: 5.168 GC heap after
{Heap after GC invocations=11 (full 0):
 garbage-first heap   total reserved 4153344K, committed 61440K, used 26838K [0x0000000702800000, 0x0000000800000000)
  region size 2048K, 2 young (4096K), 2 survivors (4096K)
 Metaspace       used 55813K, committed 56384K, reserved 1114112K
  class space    used 6205K, committed 6400K, reserved 1048576K
}
Event: 5.502 GC heap before
{Heap before GC invocations=11 (full 0):
 garbage-first heap   total reserved 4153344K, committed 61440K, used 51414K [0x0000000702800000, 0x0000000800000000)
  region size 2048K, 14 young (28672K), 2 survivors (4096K)
 Metaspace       used 59553K, committed 60096K, reserved 1114112K
  class space    used 6606K, committed 6848K, reserved 1048576K
}
Event: 5.506 GC heap after
{Heap after GC invocations=12 (full 0):
 garbage-first heap   total reserved 4153344K, committed 61440K, used 29328K [0x0000000702800000, 0x0000000800000000)
  region size 2048K, 2 young (4096K), 2 survivors (4096K)
 Metaspace       used 59553K, committed 60096K, reserved 1114112K
  class space    used 6606K, committed 6848K, reserved 1048576K
}
Event: 5.542 GC heap before
{Heap before GC invocations=12 (full 0):
 garbage-first heap   total reserved 4153344K, committed 61440K, used 31376K [0x0000000702800000, 0x0000000800000000)
  region size 2048K, 4 young (8192K), 2 survivors (4096K)
 Metaspace       used 59689K, committed 60288K, reserved 1114112K
  class space    used 6618K, committed 6912K, reserved 1048576K
}
Event: 5.546 GC heap after
{Heap after GC invocations=13 (full 0):
 garbage-first heap   total reserved 4153344K, committed 161792K, used 29559K [0x0000000702800000, 0x0000000800000000)
  region size 2048K, 1 young (2048K), 1 survivors (2048K)
 Metaspace       used 59689K, committed 60288K, reserved 1114112K
  class space    used 6618K, committed 6912K, reserved 1048576K
}
Event: 7.916 GC heap before
{Heap before GC invocations=14 (full 0):
 garbage-first heap   total reserved 4153344K, committed 110592K, used 90999K [0x0000000702800000, 0x0000000800000000)
  region size 2048K, 32 young (65536K), 1 survivors (2048K)
 Metaspace       used 69291K, committed 69888K, reserved 1114112K
  class space    used 7884K, committed 8128K, reserved 1048576K
}
Event: 7.923 GC heap after
{Heap after GC invocations=15 (full 0):
 garbage-first heap   total reserved 4153344K, committed 110592K, used 34519K [0x0000000702800000, 0x0000000800000000)
  region size 2048K, 3 young (6144K), 3 survivors (6144K)
 Metaspace       used 69291K, committed 69888K, reserved 1114112K
  class space    used 7884K, committed 8128K, reserved 1048576K
}

Dll operation events (13 events):
Event: 0.013 Loaded shared library C:\Users\hmtjo\.jdks\openjdk-24\bin\java.dll
Event: 0.170 Loaded shared library C:\Users\hmtjo\.jdks\openjdk-24\bin\zip.dll
Event: 0.173 Loaded shared library C:\Users\hmtjo\.jdks\openjdk-24\bin\instrument.dll
Event: 0.178 Loaded shared library C:\Users\hmtjo\.jdks\openjdk-24\bin\net.dll
Event: 0.180 Loaded shared library C:\Users\hmtjo\.jdks\openjdk-24\bin\nio.dll
Event: 0.183 Loaded shared library C:\Users\hmtjo\.jdks\openjdk-24\bin\zip.dll
Event: 0.252 Loaded shared library C:\Users\hmtjo\.jdks\openjdk-24\bin\jimage.dll
Event: 0.305 Loaded shared library C:\Users\hmtjo\.jdks\openjdk-24\bin\extnet.dll
Event: 0.326 Loaded shared library C:\Users\hmtjo\.jdks\openjdk-24\bin\management.dll
Event: 0.338 Loaded shared library C:\Users\hmtjo\.jdks\openjdk-24\bin\management_ext.dll
Event: 2.069 Loaded shared library C:\Users\hmtjo\.jdks\openjdk-24\bin\sunmscapi.dll
Event: 3.667 Loaded shared library C:\Users\hmtjo\.jdks\openjdk-24\bin\verify.dll
Event: 123.937 Loaded shared library C:\Users\hmtjo\AppData\Local\Temp\idea_libasyncProfiler_dll_temp_folder1\libasyncProfiler.dll

Deoptimization events (4 events):
Event: 2.990 Thread 0x000001eeaa918150 DEOPT PACKING pc=0x000001eeb540a514 sp=0x000000a181efc280
Event: 2.990 Thread 0x000001eeaa918150 DEOPT UNPACKING pc=0x000001eeb4d05722 sp=0x000000a181efb828 mode 0
Event: 2.990 Thread 0x000001eeaa918150 DEOPT PACKING pc=0x000001eeb53c36cc sp=0x000000a181efc480
Event: 2.990 Thread 0x000001eeaa918150 DEOPT UNPACKING pc=0x000001eeb4d05722 sp=0x000000a181efb940 mode 0

Classes loaded (20 events):
Event: 124.103 Loading class jdk/jfr/internal/MetadataWriter
Event: 124.103 Loading class jdk/jfr/internal/MetadataWriter done
Event: 124.103 Loading class jdk/jfr/internal/MetadataDescriptor$Element
Event: 124.103 Loading class jdk/jfr/internal/MetadataDescriptor$Element done
Event: 124.104 Loading class jdk/jfr/internal/MetadataDescriptor$Attribute
Event: 124.104 Loading class jdk/jfr/internal/MetadataDescriptor$Attribute done
Event: 124.109 Loading class jdk/jfr/internal/consumer/StringParser$Encoding
Event: 124.109 Loading class jdk/jfr/internal/consumer/StringParser$Encoding done
Event: 124.116 Loading class jdk/jfr/internal/consumer/RepositoryFiles
Event: 124.116 Loading class jdk/jfr/internal/consumer/RepositoryFiles done
Event: 124.121 Loading class jdk/jfr/internal/SettingsManager$InternalSetting
Event: 124.121 Loading class jdk/jfr/internal/SettingsManager$InternalSetting done
Event: 124.121 Loading class jdk/jfr/internal/util/Rate
Event: 124.122 Loading class jdk/jfr/internal/util/Rate done
Event: 124.122 Loading class jdk/jfr/internal/util/TimespanUnit
Event: 124.122 Loading class jdk/jfr/internal/util/TimespanUnit done
Event: 124.122 Loading class jdk/jfr/internal/util/ValueParser
Event: 124.124 Loading class jdk/jfr/internal/util/ValueParser done
Event: 124.125 Loading class jdk/jfr/internal/periodic/PeriodicType
Event: 124.126 Loading class jdk/jfr/internal/periodic/PeriodicType done

Classes unloaded (0 events):
No events

Classes redefined (0 events):
No events

Internal exceptions (20 events):
Event: 6.731 Thread 0x000001ef069b83b0 Exception <a 'java/lang/NoSuchMethodError'{0x000000070611d568}: 'java.lang.Object java.lang.invoke.DirectMethodHandle$Holder.invokeInterface(java.lang.Object, java.lang.Object, java.lang.Object, java.lang.Object, java.lang.Object, java.lang.Object, java.lang.Object)'> (0x000000070611d568) 
thrown [s\open\src\hotspot\share\interpreter\linkResolver.cpp, line 805]
Event: 7.699 Thread 0x000001ef063bd0d0 Exception <a 'java/lang/NoSuchMethodError'{0x0000000706b23fd0}: 'java.lang.Object java.lang.invoke.DirectMethodHandle$Holder.invokeStatic(java.lang.Object, java.lang.Object, java.lang.Object, int, int)'> (0x0000000706b23fd0) 
thrown [s\open\src\hotspot\share\interpreter\linkResolver.cpp, line 805]
Event: 7.699 Thread 0x000001ef063bd0d0 Exception <a 'java/lang/NoSuchMethodError'{0x0000000706b2bf40}: 'java.lang.Object java.lang.invoke.DirectMethodHandle$Holder.invokeStaticInit(java.lang.Object, java.lang.Object, java.lang.Object, int, int)'> (0x0000000706b2bf40) 
thrown [s\open\src\hotspot\share\interpreter\linkResolver.cpp, line 805]
Event: 7.725 Thread 0x000001ef06c37bb0 Exception <a 'java/lang/NoSuchMethodError'{0x0000000705a835e8}: 'java.lang.Object java.lang.invoke.DirectMethodHandle$Holder.invokeSpecial(java.lang.Object, java.lang.Object, java.lang.Object, java.lang.Object, java.lang.Object, long)'> (0x0000000705a835e8) 
thrown [s\open\src\hotspot\share\interpreter\linkResolver.cpp, line 805]
Event: 7.726 Thread 0x000001ef06c37bb0 Exception <a 'java/lang/NoSuchMethodError'{0x0000000705a8bf08}: 'java.lang.Object java.lang.invoke.DirectMethodHandle$Holder.invokeSpecial(java.lang.Object, java.lang.Object, java.lang.Object, java.lang.Object, java.lang.Object, java.lang.Object, long)'> (0x0000000705a8bf08) 
thrown [s\open\src\hotspot\share\interpreter\linkResolver.cpp, line 805]
Event: 7.726 Thread 0x000001ef06c37bb0 Exception <a 'java/lang/NoSuchMethodError'{0x0000000705a94280}: 'java.lang.Object java.lang.invoke.DelegatingMethodHandle$Holder.reinvoke_L(java.lang.Object, java.lang.Object, java.lang.Object, java.lang.Object, java.lang.Object, long)'> (0x0000000705a94280) 
thrown [s\open\src\hotspot\share\interpreter\linkResolver.cpp, line 805]
Event: 7.726 Thread 0x000001ef06c37bb0 Exception <a 'java/lang/NoSuchMethodError'{0x0000000705aa4680}: 'java.lang.Object java.lang.invoke.Invokers$Holder.linkToTargetMethod(java.lang.Object, java.lang.Object, java.lang.Object, long, java.lang.Object)'> (0x0000000705aa4680) 
thrown [s\open\src\hotspot\share\interpreter\linkResolver.cpp, line 805]
Event: 8.076 Thread 0x000001ef063bb390 Exception <a 'java/lang/NoSuchMethodError'{0x0000000708c4ea08}: 'java.lang.Object java.lang.invoke.DirectMethodHandle$Holder.invokeStatic(java.lang.Object, java.lang.Object, java.lang.Object, java.lang.Object, int, java.lang.Object)'> (0x0000000708c4ea08) 
thrown [s\open\src\hotspot\share\interpreter\linkResolver.cpp, line 805]
Event: 8.077 Thread 0x000001ef063bb390 Exception <a 'java/lang/NoSuchMethodError'{0x0000000708c5faa8}: 'java.lang.Object java.lang.invoke.DirectMethodHandle$Holder.newInvokeSpecial(java.lang.Object, java.lang.Object, java.lang.Object, java.lang.Object, int)'> (0x0000000708c5faa8) 
thrown [s\open\src\hotspot\share\interpreter\linkResolver.cpp, line 805]
Event: 8.077 Thread 0x000001ef063bb390 Exception <a 'java/lang/NoSuchMethodError'{0x0000000708c68cb8}: 'java.lang.Object java.lang.invoke.DirectMethodHandle$Holder.invokeSpecial(java.lang.Object, java.lang.Object, java.lang.Object, java.lang.Object, java.lang.Object, int)'> (0x0000000708c68cb8) 
thrown [s\open\src\hotspot\share\interpreter\linkResolver.cpp, line 805]
Event: 8.077 Thread 0x000001ef063bb390 Exception <a 'java/lang/NoSuchMethodError'{0x0000000708c71600}: 'java.lang.Object java.lang.invoke.Invokers$Holder.linkToTargetMethod(java.lang.Object, java.lang.Object, java.lang.Object, int, java.lang.Object)'> (0x0000000708c71600) 
thrown [s\open\src\hotspot\share\interpreter\linkResolver.cpp, line 805]
Event: 13.298 Thread 0x000001ef063b9650 Exception <a 'java/lang/NoSuchMethodError'{0x00000007084fb098}: 'java.lang.Object java.lang.invoke.DirectMethodHandle$Holder.invokeInterface(java.lang.Object, java.lang.Object, java.lang.Object, java.lang.Object)'> (0x00000007084fb098) 
thrown [s\open\src\hotspot\share\interpreter\linkResolver.cpp, line 805]
Event: 13.300 Thread 0x000001ef063b9650 Exception <a 'java/lang/IncompatibleClassChangeError'{0x000000070853b570}: Found class java.lang.Object, but interface was expected> (0x000000070853b570) 
thrown [s\open\src\hotspot\share\interpreter\linkResolver.cpp, line 872]
Event: 13.303 Thread 0x000001ef063b9650 Exception <a 'java/lang/IncompatibleClassChangeError'{0x000000070855d570}: Found class java.lang.Object, but interface was expected> (0x000000070855d570) 
thrown [s\open\src\hotspot\share\interpreter\linkResolver.cpp, line 872]
Event: 33.247 Thread 0x000001ef063bc980 Exception <a 'java/lang/NoSuchMethodError'{0x0000000707fc1400}: 'int java.lang.invoke.DirectMethodHandle$Holder.invokeStatic(java.lang.Object, java.lang.Object, int, int)'> (0x0000000707fc1400) 
thrown [s\open\src\hotspot\share\interpreter\linkResolver.cpp, line 805]
Event: 124.092 Thread 0x000001eec03a1ab0 Exception <a 'java/lang/NoSuchMethodError'{0x00000007071072a0}: 'void java.lang.invoke.DirectMethodHandle$Holder.invokeSpecial(java.lang.Object, java.lang.Object, int)'> (0x00000007071072a0) 
thrown [s\open\src\hotspot\share\interpreter\linkResolver.cpp, line 805]
Event: 124.093 Thread 0x000001eec03a1ab0 Exception <a 'java/lang/NoSuchMethodError'{0x000000070710eec0}: 'void java.lang.invoke.Invokers$Holder.invokeExact_MT(java.lang.Object, int, java.lang.Object)'> (0x000000070710eec0) 
thrown [s\open\src\hotspot\share\interpreter\linkResolver.cpp, line 805]
Event: 124.098 Thread 0x000001eec03a1ab0 Exception <a 'sun/nio/fs/WindowsException'{0x000000070715c0b8}> (0x000000070715c0b8) 
thrown [s\open\src\hotspot\share\prims\jni.cpp, line 518]
Event: 124.099 Thread 0x000001eec03a1ab0 Exception <a 'sun/nio/fs/WindowsException'{0x0000000707168f50}> (0x0000000707168f50) 
thrown [s\open\src\hotspot\share\prims\jni.cpp, line 518]
Event: 124.101 Thread 0x000001eec03a1ab0 Exception <a 'sun/nio/fs/WindowsException'{0x000000070717ac80}> (0x000000070717ac80) 
thrown [s\open\src\hotspot\share\prims\jni.cpp, line 518]

VM Operations (20 events):
Event: 7.826 Executing VM operation: HandshakeAllThreads (Deoptimize)
Event: 7.826 Executing VM operation: HandshakeAllThreads (Deoptimize) done
Event: 7.832 Executing VM operation: HandshakeAllThreads (Deoptimize)
Event: 7.832 Executing VM operation: HandshakeAllThreads (Deoptimize) done
Event: 7.916 Executing VM operation: G1CollectForAllocation (G1 Evacuation Pause)
Event: 7.923 Executing VM operation: G1CollectForAllocation (G1 Evacuation Pause) done
Event: 8.069 Executing VM operation: HandshakeAllThreads (Deoptimize)
Event: 8.069 Executing VM operation: HandshakeAllThreads (Deoptimize) done
Event: 33.232 Executing VM operation: HandshakeAllThreads (Deoptimize)
Event: 33.233 Executing VM operation: HandshakeAllThreads (Deoptimize) done
Event: 60.067 Executing VM operation: HandshakeAllThreads (HandshakeForDeflation)
Event: 60.067 Executing VM operation: HandshakeAllThreads (HandshakeForDeflation) done
Event: 60.067 Executing VM operation: RendezvousGCThreads
Event: 60.067 Executing VM operation: RendezvousGCThreads done
Event: 120.215 Executing VM operation: HandshakeAllThreads (HandshakeForDeflation)
Event: 120.215 Executing VM operation: HandshakeAllThreads (HandshakeForDeflation) done
Event: 120.216 Executing VM operation: RendezvousGCThreads
Event: 120.216 Executing VM operation: RendezvousGCThreads done
Event: 124.117 Executing VM operation: JFRSafepointClear
Event: 124.117 Executing VM operation: JFRSafepointClear done

Memory protections (0 events):
No events

Nmethod flushes (20 events):
Event: 5.565 Thread 0x000001eec038d440 flushing  nmethod 0x000001eeb52da208
Event: 5.565 Thread 0x000001eec038d440 flushing  nmethod 0x000001eeb508f108
Event: 5.565 Thread 0x000001eec038d440 flushing  nmethod 0x000001eeb5343008
Event: 5.565 Thread 0x000001eec038d440 flushing  nmethod 0x000001eeb536fa08
Event: 5.566 Thread 0x000001eec038d440 flushing  nmethod 0x000001eeb517f588
Event: 5.566 Thread 0x000001eec038d440 flushing  nmethod 0x000001eeb52f9288
Event: 5.566 Thread 0x000001eec038d440 flushing  nmethod 0x000001eeb5373388
Event: 5.566 Thread 0x000001eec038d440 flushing  nmethod 0x000001eeb53c2e08
Event: 5.566 Thread 0x000001eec038d440 flushing  nmethod 0x000001eeb53c3388
Event: 5.566 Thread 0x000001eec038d440 flushing  nmethod 0x000001eeb53c3c88
Event: 5.566 Thread 0x000001eec038d440 flushing  nmethod 0x000001eeb54d9688
Event: 5.566 Thread 0x000001eec038d440 flushing  nmethod 0x000001eeb535dc88
Event: 5.566 Thread 0x000001eec038d440 flushing  nmethod 0x000001eeb5418908
Event: 5.566 Thread 0x000001eec038d440 flushing  nmethod 0x000001eeb5342408
Event: 5.566 Thread 0x000001eec038d440 flushing  nmethod 0x000001eeb537ab08
Event: 5.566 Thread 0x000001eec038d440 flushing  nmethod 0x000001eeb537b688
Event: 5.566 Thread 0x000001eec038d440 flushing  nmethod 0x000001eeb53f9988
Event: 5.566 Thread 0x000001eec038d440 flushing  nmethod 0x000001eeb5425008
Event: 5.566 Thread 0x000001eec038d440 flushing  nmethod 0x000001eeb54a1188
Event: 5.566 Thread 0x000001eec038d440 flushing  nmethod 0x000001eeb54a1488

Events (20 events):
Event: 6.743 Thread 0x000001ef063ba4f0 Thread exited: 0x000001ef063ba4f0
Event: 9.886 Thread 0x000001ef06cfa9f0 Thread exited: 0x000001ef06cfa9f0
Event: 9.886 Thread 0x000001eec048fd30 Thread exited: 0x000001eec048fd30
Event: 10.442 Thread 0x000001ef06c37460 Thread exited: 0x000001ef06c37460
Event: 12.268 Thread 0x000001eec048f5a0 Thread exited: 0x000001eec048f5a0
Event: 13.371 Thread 0x000001eec03acfa0 Thread added: 0x000001ef063043c0
Event: 18.142 Thread 0x000001ef063043c0 Thread exited: 0x000001ef063043c0
Event: 34.892 Thread 0x000001eec03acfa0 Thread added: 0x000001ef066cdc30
Event: 34.892 Thread 0x000001eec03acfa0 Thread added: 0x000001ef06649080
Event: 36.301 Thread 0x000001ef06649080 Thread exited: 0x000001ef06649080
Event: 38.545 Thread 0x000001ef066cdc30 Thread exited: 0x000001ef066cdc30
Event: 46.298 Thread 0x000001eec03acfa0 Thread added: 0x000001eec07500f0
Event: 46.300 Thread 0x000001eec03acfa0 Thread added: 0x000001eec0751260
Event: 47.078 Thread 0x000001eec0751260 Thread exited: 0x000001eec0751260
Event: 47.078 Thread 0x000001eec07500f0 Thread exited: 0x000001eec07500f0
Event: 90.701 Thread 0x000001ef06771e20 Thread exited: 0x000001ef06771e20
Event: 120.707 Thread 0x000001eec03acfa0 Thread added: 0x000001eec075ceb0
Event: 120.707 Thread 0x000001eec03acfa0 Thread added: 0x000001eec075c720
Event: 124.016 Thread 0x000001eec03a1ab0 Thread added: 0x000001ef063bf560
Event: 124.094 Thread 0x000001eec03a1ab0 Thread added: 0x000001ef06c37460


Dynamic libraries:
0x00007ff77df30000 - 0x00007ff77df3e000 	C:\Users\hmtjo\.jdks\openjdk-24\bin\java.exe
0x00007ff901320000 - 0x00007ff901588000 	C:\WINDOWS\SYSTEM32\ntdll.dll
0x00007ff8ffba0000 - 0x00007ff8ffc69000 	C:\WINDOWS\System32\KERNEL32.DLL
0x00007ff8fe8c0000 - 0x00007ff8fecad000 	C:\WINDOWS\System32\KERNELBASE.dll
0x00007ff8fecb0000 - 0x00007ff8fedfb000 	C:\WINDOWS\System32\ucrtbase.dll
0x00007ff8a7230000 - 0x00007ff8a7246000 	C:\Users\hmtjo\.jdks\openjdk-24\bin\jli.dll
0x00007ff8a7210000 - 0x00007ff8a722b000 	C:\Users\hmtjo\.jdks\openjdk-24\bin\VCRUNTIME140.dll
0x00007ff8ff3a0000 - 0x00007ff8ff56c000 	C:\WINDOWS\System32\USER32.dll
0x00007ff8eba60000 - 0x00007ff8ebcfa000 	C:\WINDOWS\WinSxS\amd64_microsoft.windows.common-controls_6595b64144ccf1df_6.0.26100.4484_none_3e0e6d4ce32ef3b3\COMCTL32.dll
0x00007ff8fe890000 - 0x00007ff8fe8b7000 	C:\WINDOWS\System32\win32u.dll
0x00007ff901200000 - 0x00007ff9012a9000 	C:\WINDOWS\System32\msvcrt.dll
0x00007ff8ff8f0000 - 0x00007ff8ff91b000 	C:\WINDOWS\System32\GDI32.dll
0x00007ff8fef80000 - 0x00007ff8ff0b7000 	C:\WINDOWS\System32\gdi32full.dll
0x00007ff8fe470000 - 0x00007ff8fe513000 	C:\WINDOWS\System32\msvcp_win.dll
0x00007ff8ff570000 - 0x00007ff8ff59f000 	C:\WINDOWS\System32\IMM32.DLL
0x00007ff8cf1c0000 - 0x00007ff8cf1cc000 	C:\Users\hmtjo\.jdks\openjdk-24\bin\vcruntime140_1.dll
0x00007ff8a5ce0000 - 0x00007ff8a5d6e000 	C:\Users\hmtjo\.jdks\openjdk-24\bin\msvcp140.dll
0x00007ff864940000 - 0x00007ff8656e2000 	C:\Users\hmtjo\.jdks\openjdk-24\bin\server\jvm.dll
0x00007ff8ff830000 - 0x00007ff8ff8e4000 	C:\WINDOWS\System32\ADVAPI32.dll
0x00007ff901030000 - 0x00007ff9010d6000 	C:\WINDOWS\System32\sechost.dll
0x00007ff9010e0000 - 0x00007ff9011f8000 	C:\WINDOWS\System32\RPCRT4.dll
0x00007ff8ff7b0000 - 0x00007ff8ff824000 	C:\WINDOWS\System32\WS2_32.dll
0x00007ff8fde60000 - 0x00007ff8fdebe000 	C:\WINDOWS\SYSTEM32\POWRPROF.dll
0x00007ff8efd00000 - 0x00007ff8efd35000 	C:\WINDOWS\SYSTEM32\WINMM.dll
0x00007ff8f7630000 - 0x00007ff8f763b000 	C:\WINDOWS\SYSTEM32\VERSION.dll
0x00007ff8fde40000 - 0x00007ff8fde54000 	C:\WINDOWS\SYSTEM32\UMPDC.dll
0x00007ff8fd1d0000 - 0x00007ff8fd1eb000 	C:\WINDOWS\SYSTEM32\kernel.appcore.dll
0x00007ff8cb4f0000 - 0x00007ff8cb4fa000 	C:\Users\hmtjo\.jdks\openjdk-24\bin\jimage.dll
0x00007ff8c1b70000 - 0x00007ff8c1db1000 	C:\WINDOWS\SYSTEM32\DBGHELP.DLL
0x00007ff900550000 - 0x00007ff9008d6000 	C:\WINDOWS\System32\combase.dll
0x00007ff9003d0000 - 0x00007ff9004b0000 	C:\WINDOWS\System32\OLEAUT32.dll
0x00007ff8e73e0000 - 0x00007ff8e7423000 	C:\WINDOWS\SYSTEM32\dbgcore.DLL
0x00007ff8fe6a0000 - 0x00007ff8fe739000 	C:\WINDOWS\System32\bcryptPrimitives.dll
0x00007ff8fb390000 - 0x00007ff8fb39f000 	C:\Users\hmtjo\.jdks\openjdk-24\bin\instrument.dll
0x00007ff8a71f0000 - 0x00007ff8a720e000 	C:\Users\hmtjo\.jdks\openjdk-24\bin\java.dll
0x00007ff8ffc70000 - 0x00007ff8ffe0e000 	C:\WINDOWS\System32\ole32.dll
0x00007ff9008e0000 - 0x00007ff90102a000 	C:\WINDOWS\System32\SHELL32.dll
0x00007ff8fee00000 - 0x00007ff8fef74000 	C:\WINDOWS\System32\wintypes.dll
0x00007ff8fc090000 - 0x00007ff8fc8eb000 	C:\WINDOWS\SYSTEM32\windows.storage.dll
0x00007ff8ff5b0000 - 0x00007ff8ff6a5000 	C:\WINDOWS\System32\SHCORE.dll
0x00007ff8ff920000 - 0x00007ff8ff98a000 	C:\WINDOWS\System32\shlwapi.dll
0x00007ff8fe380000 - 0x00007ff8fe3af000 	C:\WINDOWS\SYSTEM32\profapi.dll
0x00007ff8a6c10000 - 0x00007ff8a6c27000 	C:\Users\hmtjo\.jdks\openjdk-24\bin\zip.dll
0x00007ff8c6530000 - 0x00007ff8c6540000 	C:\Users\hmtjo\.jdks\openjdk-24\bin\net.dll
0x00007ff8fd750000 - 0x00007ff8fd7ba000 	C:\WINDOWS\system32\mswsock.dll
0x00007ff8a75c0000 - 0x00007ff8a75d6000 	C:\Users\hmtjo\.jdks\openjdk-24\bin\nio.dll
0x00007ff8fcc70000 - 0x00007ff8fcd96000 	C:\WINDOWS\SYSTEM32\DNSAPI.dll
0x00007ff8fcbe0000 - 0x00007ff8fcc13000 	C:\WINDOWS\SYSTEM32\IPHLPAPI.DLL
0x00007ff900540000 - 0x00007ff90054a000 	C:\WINDOWS\System32\NSI.dll
0x00007ff8efa00000 - 0x00007ff8efa0b000 	C:\Windows\System32\rasadhlp.dll
0x00007ff8f6f60000 - 0x00007ff8f6fe6000 	C:\WINDOWS\System32\fwpuclnt.dll
0x00007ff8c5c80000 - 0x00007ff8c5c89000 	C:\Users\hmtjo\.jdks\openjdk-24\bin\extnet.dll
0x00007ff8fb380000 - 0x00007ff8fb38a000 	C:\Users\hmtjo\.jdks\openjdk-24\bin\management.dll
0x00007ff8fb370000 - 0x00007ff8fb37b000 	C:\Users\hmtjo\.jdks\openjdk-24\bin\management_ext.dll
0x00007ff8ffe20000 - 0x00007ff8ffe28000 	C:\WINDOWS\System32\PSAPI.DLL
0x00007ff8fda50000 - 0x00007ff8fda6b000 	C:\WINDOWS\SYSTEM32\CRYPTSP.dll
0x00007ff8fd130000 - 0x00007ff8fd16b000 	C:\WINDOWS\system32\rsaenh.dll
0x00007ff8fd820000 - 0x00007ff8fd84b000 	C:\WINDOWS\SYSTEM32\USERENV.dll
0x00007ff8fe350000 - 0x00007ff8fe376000 	C:\WINDOWS\SYSTEM32\bcrypt.dll
0x00007ff8fda70000 - 0x00007ff8fda7c000 	C:\WINDOWS\SYSTEM32\CRYPTBASE.dll
0x00007ff8db860000 - 0x00007ff8db878000 	C:\WINDOWS\system32\napinsp.dll
0x00007ff8db840000 - 0x00007ff8db852000 	C:\WINDOWS\System32\winrnr.dll
0x00007ff88d6f0000 - 0x00007ff88d720000 	C:\WINDOWS\system32\nlansp_c.dll
0x00007ff8d16c0000 - 0x00007ff8d16e0000 	C:\WINDOWS\system32\wshbth.dll
0x00007ff8db750000 - 0x00007ff8db75e000 	C:\Users\hmtjo\.jdks\openjdk-24\bin\sunmscapi.dll
0x00007ff8fe520000 - 0x00007ff8fe697000 	C:\WINDOWS\System32\CRYPT32.dll
0x00007ff8fdd00000 - 0x00007ff8fdd30000 	C:\WINDOWS\SYSTEM32\ncrypt.dll
0x00007ff8fdc90000 - 0x00007ff8fdccf000 	C:\WINDOWS\SYSTEM32\NTASN1.dll
0x00007ff8bc540000 - 0x00007ff8bc550000 	C:\Users\hmtjo\.jdks\openjdk-24\bin\verify.dll
0x00007ff8bb900000 - 0x00007ff8bb908000 	C:\WINDOWS\system32\wshunix.dll
0x00007ff8a3fb0000 - 0x00007ff8a41be000 	C:\Users\hmtjo\AppData\Local\Temp\idea_libasyncProfiler_dll_temp_folder1\libasyncProfiler.dll

dbghelp: loaded successfully - version: 4.0.5 - missing functions: none
symbol engine: initialized successfully - sym options: 0x614 - pdb path: .;C:\Users\hmtjo\.jdks\openjdk-24\bin;C:\WINDOWS\SYSTEM32;C:\WINDOWS\WinSxS\amd64_microsoft.windows.common-controls_6595b64144ccf1df_6.0.26100.4484_none_3e0e6d4ce32ef3b3;C:\Users\hmtjo\.jdks\openjdk-24\bin\server;C:\Users\hmtjo\AppData\Local\Temp\idea_libasyncProfiler_dll_temp_folder1

VM Arguments:
jvm_args: -XX:TieredStopAtLevel=1 -Dspring.output.ansi.enabled=always -Dcom.sun.management.jmxremote -Dspring.jmx.enabled=true -Dspring.liveBeansView.mbeanDomain -Dspring.application.admin.enabled=true -Dmanagement.endpoints.jmx.exposure.include=* -javaagent:D:\Program Files\IntelliJ IDEA 2024.3.5\lib\idea_rt.jar=59583 -Dfile.encoding=UTF-8 -Dsun.stdout.encoding=UTF-8 -Dsun.stderr.encoding=UTF-8 
java_command: com.gametester.GametesterApplication
java_class_path (initial): C:\gametester-aa3\target\classes;C:\Users\hmtjo\.m2\repository\org\springframework\boot\spring-boot-starter-data-jpa\3.5.3\spring-boot-starter-data-jpa-3.5.3.jar;C:\Users\hmtjo\.m2\repository\org\springframework\boot\spring-boot-starter\3.5.3\spring-boot-starter-3.5.3.jar;C:\Users\hmtjo\.m2\repository\org\springframework\boot\spring-boot\3.5.3\spring-boot-3.5.3.jar;C:\Users\hmtjo\.m2\repository\org\springframework\boot\spring-boot-autoconfigure\3.5.3\spring-boot-autoconfigure-3.5.3.jar;C:\Users\hmtjo\.m2\repository\org\springframework\boot\spring-boot-starter-logging\3.5.3\spring-boot-starter-logging-3.5.3.jar;C:\Users\hmtjo\.m2\repository\ch\qos\logback\logback-classic\1.5.18\logback-classic-1.5.18.jar;C:\Users\hmtjo\.m2\repository\ch\qos\logback\logback-core\1.5.18\logback-core-1.5.18.jar;C:\Users\hmtjo\.m2\repository\org\apache\logging\log4j\log4j-to-slf4j\2.24.3\log4j-to-slf4j-2.24.3.jar;C:\Users\hmtjo\.m2\repository\org\apache\logging\log4j\log4j-api\2.24.3\log4j-api-2.24.3.jar;C:\Users\hmtjo\.m2\repository\org\slf4j\jul-to-slf4j\2.0.17\jul-to-slf4j-2.0.17.jar;C:\Users\hmtjo\.m2\repository\org\yaml\snakeyaml\2.4\snakeyaml-2.4.jar;C:\Users\hmtjo\.m2\repository\org\springframework\boot\spring-boot-starter-jdbc\3.5.3\spring-boot-starter-jdbc-3.5.3.jar;C:\Users\hmtjo\.m2\repository\com\zaxxer\HikariCP\6.3.0\HikariCP-6.3.0.jar;C:\Users\hmtjo\.m2\repository\org\springframework\spring-jdbc\6.2.8\spring-jdbc-6.2.8.jar;C:\Users\hmtjo\.m2\repository\org\hibernate\orm\hibernate-core\6.6.18.Final\hibernate-core-6.6.18.Final.jar;C:\Users\hmtjo\.m2\repository\jakarta\persistence\jakarta.persistence-api\3.1.0\jakarta.persistence-api-3.1.0.jar;C:\Users\hmtjo\.m2\repository\jakarta\transaction\jakarta.transaction-api\2.0.1\jakarta.transaction-api-2.0.1.jar;C:\Users\hmtjo\.m2\repository\org\jboss\logging\jboss-logging\3.6.1.Final\jboss-logging-3.6.1.Final.jar;C:\Users\hmtjo\.m2\repository\org\hibernate\common\hibernate-commons-annotations\7.0.3.Final\hibernate-commons-annotations-7.0.3.Final.jar;C:\Users\hmtjo\.m2\repository\io\smallrye\jandex\3.2.0\jandex-3.2.0.jar;C:\Users\hmtjo\.m2\repository\com\fasterxml\classmate\1.7.0\classmate-1.7.0.jar;C:\Users\hmtjo\.m2\repository\net\bytebuddy\byte-buddy\1.17.6\byte-buddy-1.17.6.jar;C:\Users\hmtjo\.m2\repository\org\glassfish\jaxb\jaxb-runtime\4.0.5\jaxb-runtime-4.0.5.jar;C:\Users\hmtjo\.m2\repository\org\glassfish\jaxb\jaxb-core\4.0.5\jaxb-core-4.0.5.jar;C:\Users\hmtjo\.m2\repository\org\eclipse\angus\angus-activation\2.0.2\angus-activation-2.0.2.jar;C:\Users\hmtjo\.m2\repository\org\glassfish\jaxb\txw2\4.0.5\txw2-4.0.5.jar;C:\Users\hmtjo\.m2\repository\com\sun\istack\istack-commons-runtime\4.1.2\istack-commons-runtime-4.1.2.jar;C:\Users\hmtjo\.m2\repository\jakarta\inject\jakarta.inject-api\2.0.1\jakarta.inject-api-2.0.1.jar;C:\Users\hmtjo\.m2\repository\org\antlr\antlr4-runtime\4.13.0\antlr4-runtime-4.13.0.jar;C:\Users\hmtjo\.m2\repository\org\springframework\data\spring-data-jpa\3.5.1\spring-data-jpa-3.5.1.jar;C:\Users\hmtjo\.m2\repository\org\springframework\data\spring-data-commons\3.5.1\spring-data-commons-3.5.1.jar;C:\Users\hmtjo\.m2\repository\org\springframework\spring-orm\6.2.8\spring-orm-6.2.8.jar;C:\Users\hmtjo\.m2\repository\org\springframework\spring-context\6.2.8\spring-context-6.2.8.jar;C:\Users\hmtjo\.m2\repository\org\springframework\spring-tx\6.2.8\spring-tx-6.2.8.jar;C:\Users\hmtjo\.m2\repository\org\springframework\spring-beans\6.2.8\spring-beans-6.2.8.jar;C:\Users\hmtjo\.m2\repository\org\springframework\spring-aspects\6.2.8\spring-aspects-6.2.8.jar;C:\Users\hmtjo\.m2\repository\org\aspectj\aspectjweaver\1.9.24\aspectjweaver-1.9.24.jar;C:\Users\hmtjo\.m2\repository\org\springframework\boot\spring-boot-starter-security\3.5.3\spring-boot-starter-security-3.5.3.jar;C:\Users\hmtjo\.m2\repository\org\springframework\spring-aop\6.2.8\spring-aop-6.2.8.jar;C:\Users\hmtjo\.m2\repository\org\springframework\security\spring-security-config\6.5.1\spring-security-config-6.5.1.jar;C:\Users\hmtjo\.m2\repository\org\springframework\security\spring-security-web\6.5.1\spring-security-web-6.5.1.jar;C:\Users\hmtjo\.m2\repository\org\springframework\spring-expression\6.2.8\spring-expression-6.2.8.jar;C:\Users\hmtjo\.m2\repository\org\springframework\boot\spring-boot-starter-thymeleaf\3.5.3\spring-boot-starter-thymeleaf-3.5.3.jar;C:\Users\hmtjo\.m2\repository\org\thymeleaf\thymeleaf-spring6\3.1.3.RELEASE\thymeleaf-spring6-3.1.3.RELEASE.jar;C:\Users\hmtjo\.m2\repository\org\thymeleaf\thymeleaf\3.1.3.RELEASE\thymeleaf-3.1.3.RELEASE.jar;C:\Users\hmtjo\.m2\repository\org\attoparser\attoparser\2.0.7.RELEASE\attoparser-2.0.7.RELEASE.jar;C:\Users\hmtjo\.m2\repository\org\unbescape\unbescape\1.1.6.RELEASE\unbescape-1.1.6.RELEASE.jar;C:\Users\hmtjo\.m2\repository\org\springframework\boot\spring-boot-starter-web\3.5.3\spring-boot-starter-web-3.5.3.jar;C:\Users\hmtjo\.m2\repository\org\springframework\boot\spring-boot-starter-json\3.5.3\spring-boot-starter-json-3.5.3.jar;C:\Users\hmtjo\.m2\repository\com\fasterxml\jackson\core\jackson-databind\2.19.1\jackson-databind-2.19.1.jar;C:\Users\hmtjo\.m2\repository\com\fasterxml\jackson\core\jackson-annotations\2.19.1\jackson-annotations-2.19.1.jar;C:\Users\hmtjo\.m2\repository\com\fasterxml\jackson\core\jackson-core\2.19.1\jackson-core-2.19.1.jar;C:\Users\hmtjo\.m2\repository\com\fasterxml\jackson\datatype\jackson-datatype-jdk8\2.19.1\jackson-datatype-jdk8-2.19.1.jar;C:\Users\hmtjo\.m2\repository\com\fasterxml\jackson\datatype\jackson-datatype-jsr310\2.19.1\jackson-datatype-jsr310-2.19.1.jar;C:\Users\hmtjo\.m2\repository\com\fasterxml\jackson\module\jackson-module-parameter-names\2.19.1\jackson-module-parameter-names-2.19.1.jar;C:\Users\hmtjo\.m2\repository\org\springframework\spring-web\6.2.8\spring-web-6.2.8.jar;C:\Users\hmtjo\.m2\repository\io\micrometer\micrometer-observation\1.15.1\micrometer-observation-1.15.1.jar;C:\Users\hmtjo\.m2\repository\io\micrometer\micrometer-commons\1.15.1\micrometer-commons-1.15.1.jar;C:\Users\hmtjo\.m2\repository\org\springframework\spring-webmvc\6.2.8\spring-webmvc-6.2.8.jar;C:\Users\hmtjo\.m2\repository\org\thymeleaf\extras\thymeleaf-extras-springsecurity6\3.1.3.RELEASE\thymeleaf-extras-springsecurity6-3.1.3.RELEASE.jar;C:\Users\hmtjo\.m2\repository\org\slf4j\slf4j-api\2.0.17\slf4j-api-2.0.17.jar;C:\Users\hmtjo\.m2\repository\org\postgresql\postgresql\42.7.7\postgresql-42.7.7.jar;C:\Users\hmtjo\.m2\repository\org\checkerframework\checker-qual\3.49.3\checker-qual-3.49.3.jar;C:\Users\hmtjo\.m2\repository\org\springframework\boot\spring-boot-starter-tomcat\3.5.3\spring-boot-starter-tomcat-3.5.3.jar;C:\Users\hmtjo\.m2\repository\jakarta\annotation\jakarta.annotation-api\2.1.1\jakarta.annotation-api-2.1.1.jar;C:\Users\hmtjo\.m2\repository\org\apache\tomcat\embed\tomcat-embed-core\10.1.42\tomcat-embed-core-10.1.42.jar;C:\Users\hmtjo\.m2\repository\org\apache\tomcat\embed\tomcat-embed-el\10.1.42\tomcat-embed-el-10.1.42.jar;C:\Users\hmtjo\.m2\repository\org\apache\tomcat\embed\tomcat-embed-websocket\10.1.42\tomcat-embed-websocket-10.1.42.jar;C:\Users\hmtjo\.m2\repository\jakarta\xml\bind\jakarta.xml.bind-api\4.0.2\jakarta.xml.bind-api-4.0.2.jar;C:\Users\hmtjo\.m2\repository\jakarta\activation\jakarta.activation-api\2.1.3\jakarta.activation-api-2.1.3.jar;C:\Users\hmtjo\.m2\repository\org\springframework\spring-core\6.2.8\spring-core-6.2.8.jar;C:\Users\hmtjo\.m2\repository\org\springframework\spring-jcl\6.2.8\spring-jcl-6.2.8.jar;C:\Users\hmtjo\.m2\repository\org\springframework\security\spring-security-core\6.5.1\spring-security-core-6.5.1.jar;C:\Users\hmtjo\.m2\repository\org\springframework\security\spring-security-crypto\6.5.1\spring-security-crypto-6.5.1.jar
Launcher Type: SUN_STANDARD

[Global flags]
     intx CICompilerCount                          = 4                                         {product} {ergonomic}
     uint ConcGCThreads                            = 3                                         {product} {ergonomic}
     bool FlightRecorder                           = true                                      {product} {management}
     uint G1ConcRefinementThreads                  = 10                                        {product} {ergonomic}
   size_t G1HeapRegionSize                         = 2097152                                   {product} {ergonomic}
   size_t InitialHeapSize                          = 266338304                                 {product} {ergonomic}
     bool ManagementServer                         = true                                      {product} {command line}
   size_t MarkStackSize                            = 4194304                                   {product} {ergonomic}
   size_t MarkStackSizeMax                         = 536870912                                 {product} {ergonomic}
   size_t MaxHeapSize                              = 4253024256                                {product} {ergonomic}
   size_t MaxNewSize                               = 2550136832                                {product} {ergonomic}
   size_t MinHeapDeltaBytes                        = 2097152                                   {product} {ergonomic}
   size_t MinHeapSize                              = 8388608                                   {product} {ergonomic}
    uintx NonNMethodCodeHeapSize                   = 4096                                   {pd product} {ergonomic}
    uintx NonProfiledCodeHeapSize                  = 0                                      {pd product} {ergonomic}
     bool ProfileInterpreter                       = false                                  {pd product} {command line}
    uintx ProfiledCodeHeapSize                     = 0                                      {pd product} {ergonomic}
   size_t SoftMaxHeapSize                          = 4253024256                             {manageable} {ergonomic}
     intx TieredStopAtLevel                        = 1                                         {product} {command line}
     bool UseCompressedOops                        = true                           {product lp64_product} {ergonomic}
     bool UseG1GC                                  = true                                      {product} {ergonomic}
     bool UseLargePagesIndividualAllocation        = false                                  {pd product} {ergonomic}

Logging:
Log output configuration:
 #0: stdout all=warning uptime,level,tags foldmultilines=false
 #1: stderr all=off uptime,level,tags foldmultilines=false

Environment Variables:
JAVA_HOME="C:\jdk-24"
PATH=C:\WINDOWS\system32;C:\WINDOWS;C:\WINDOWS\System32\Wbem;C:\WINDOWS\System32\WindowsPowerShell\v1.0\;C:\WINDOWS\System32\OpenSSH\;C:\Program Files\NVIDIA Corporation\NVIDIA NGX;C:\Program Files (x86)\NVIDIA Corporation\PhysX\Common;C:\Program Files\Git\cmd;"C:\jdk-24"\bin;"C:\tomcat-11.0.5"\bin;C:\apache-maven-3.9.9\bin;;C:\Program Files\NVIDIA Corporation\NVIDIA NvDLISR;C:\Users\hmtjo\AppData\Local\Programs\Python\Python310\Scripts\;C:\Users\hmtjo\AppData\Local\Programs\Python\Python310\;C:\Users\hmtjo\AppData\Local\Microsoft\WindowsApps;C:\Users\hmtjo\AppData\Local\Programs\Microsoft VS Code\bin;C:\Users\hmtjo\AppData\Local\Programs\MiKTeX\miktex\bin\x64\;D:\intelFPGA\questa_fse\win64;D:\intelFPGA\cycloneV\questa_fse\win64;D:\Program Files\Postgre\17\bin\;C:\ProgramData\hmtjo\GitHubDesktop\bin;C:\Users\hmtjo\AppData\Local\GitHubDesktop\bin;
USERNAME=hmtjo
OS=Windows_NT
PROCESSOR_IDENTIFIER=Intel64 Family 6 Model 158 Stepping 10, GenuineIntel
TMP=C:\Users\hmtjo\AppData\Local\Temp
TEMP=C:\Users\hmtjo\AppData\Local\Temp




Periodic native trim disabled

---------------  S Y S T E M  ---------------

OS:
 Windows 11 , 64 bit Build 26100 (10.0.26100.4484)
OS uptime: 0 days 20:47 hours
Hyper-V role detected

CPU: total 12 (initial active 12) (6 cores per cpu, 2 threads per core) family 6 model 158 stepping 10 microcode 0xde, cx8, cmov, fxsr, ht, mmx, 3dnowpref, sse, sse2, sse3, ssse3, sse4.1, sse4.2, popcnt, lzcnt, tsc, tscinvbit, avx, avx2, aes, erms, clmul, bmi1, bmi2, adx, fma, vzeroupper, clflush, clflushopt, hv, rdtscp, f16c
Processor Information for the first 12 processors :
  Max Mhz: 2592, Current Mhz: 2592, Mhz Limit: 2592

Memory: 4k page, system-wide physical 16223M (2701M free)
TotalPageFile size 22879M (AvailPageFile size 1803M)
current process WorkingSet (physical memory assigned to process): 276M, peak: 278M
current process commit charge ("private bytes"): 343M, peak: 385M

vm_info: OpenJDK 64-Bit Server VM (24+36-3646) for windows-amd64 JRE (24+36-3646), built on 2025-02-06T00:20:43Z with MS VC++ 17.6 (VS2022)

END.
